<?xml version="1.0" encoding="UTF-8"?>
<testsuite name="PharmacyPageTest" tests="6" skipped="0" failures="0" errors="0" timestamp="2021-07-20T13:24:51" hostname="DESKTOP-IC8LASV" time="0.232">
  <properties/>
  <testcase name="updateStock_false()" classname="PharmacyPageTest" time="0.002"/>
  <testcase name="updateStock_true()" classname="PharmacyPageTest" time="0.001"/>
  <testcase name="addItemInCart_false()" classname="PharmacyPageTest" time="0.0"/>
  <testcase name="isItemInList_false()" classname="PharmacyPageTest" time="0.001"/>
  <testcase name="isItemInList_true()" classname="PharmacyPageTest" time="0.001"/>
  <testcase name="addItemInCart_true()" classname="PharmacyPageTest" time="0.002"/>
  <system-out><![CDATA[]]></system-out>
  <system-err><![CDATA[]]></system-err>
</testsuite>
