<?xml version="1.0" encoding="UTF-8"?>
<testsuite name="AppointmentsTest" tests="5" skipped="0" failures="0" errors="0" timestamp="2021-07-24T18:18:27" hostname="DESKTOP-IC8LASV" time="0.028">
  <properties/>
  <testcase name="validateDateWIthDateAfterCurrentDate()" classname="AppointmentsTest" time="0.016"/>
  <testcase name="validateDateWIthDateAfter3Months()" classname="AppointmentsTest" time="0.002"/>
  <testcase name="validateDateWIthDateBeforeCurrentDate()" classname="AppointmentsTest" time="0.001"/>
  <testcase name="validateTime()" classname="AppointmentsTest" time="0.006"/>
  <testcase name="validateDateWIthInvalidDate()" classname="AppointmentsTest" time="0.002"/>
  <system-out><![CDATA[You can only enter dates within 3 months of period!
Please select a valid date!
Please enter a valid time in the given format!
Please enter a valid time in the given format!
Please enter a valid time in the given format!
Please enter a valid time in the given format!
Please select a valid date!
]]></system-out>
  <system-err><![CDATA[]]></system-err>
</testsuite>
